2026-07-01 20:07:23 | INFO | ML | === RUN START ===
2026-07-01 20:07:23 | INFO | ML | project=ML
2026-07-01 20:07:23 | INFO | ML | repo_dir=ml-01-intro
2026-07-01 20:07:23 | INFO | ML | python=3.14.3
2026-07-01 20:07:23 | INFO | ML | os=Windows 11
2026-07-01 20:07:23 | INFO | ML | shell=powershell
2026-07-01 20:07:23 | INFO | ML | cwd=.
2026-07-01 20:07:23 | INFO | ML | github_actions=False
2026-07-01 20:08:34 | INFO | ML | === RUN START ===
2026-07-01 20:08:34 | INFO | ML | project=ML
2026-07-01 20:08:34 | INFO | ML | repo_dir=ml-01-intro
2026-07-01 20:08:34 | INFO | ML | python=3.14.3
2026-07-01 20:08:34 | INFO | ML | os=Windows 11
2026-07-01 20:08:34 | INFO | ML | shell=powershell
2026-07-01 20:08:34 | INFO | ML | cwd=.
2026-07-01 20:08:34 | INFO | ML | github_actions=False
2026-07-01 20:08:34 | INFO | ML | === RUN START ===
2026-07-01 20:08:34 | INFO | ML | project=ML
2026-07-01 20:08:34 | INFO | ML | repo_dir=ml-01-intro
2026-07-01 20:08:34 | INFO | ML | python=3.14.3
2026-07-01 20:08:34 | INFO | ML | os=Windows 11
2026-07-01 20:08:34 | INFO | ML | shell=powershell
2026-07-01 20:08:34 | INFO | ML | cwd=.
2026-07-01 20:08:34 | INFO | ML | github_actions=False
2026-07-01 20:08:34 | INFO | ML | ========================
2026-07-01 20:08:34 | INFO | ML | START main()
2026-07-01 20:08:34 | INFO | ML | ========================
2026-07-01 20:08:34 | INFO | ML | Load dataset..............
2026-07-01 20:08:34 | INFO | ML | Loading dataset: hours_scores_case
2026-07-01 20:08:34 | INFO | ML | Loaded: 10 rows, 6 columns
2026-07-01 20:08:34 | DEBUG | ML | 
   hours_studied  practice_quizzes  attendance_pct  sleep_hours  prior_score  score
0            2.0                 1              72          6.0           58     62
1            3.5                 2              80          6.5           61     68
2            4.0                 3              85          7.0           64     72
3            5.0                 3              88          7.5           66     76
4            6.0                 4              90          7.0           70     81
2026-07-01 20:08:34 | INFO | ML | Inspect dataset...........
2026-07-01 20:08:34 | INFO | ML | Column names
2026-07-01 20:08:34 | DEBUG | ML | ['hours_studied', 'practice_quizzes', 'attendance_pct', 'sleep_hours', 'prior_score', 'score']
2026-07-01 20:08:34 | INFO | ML | DataFrame info
2026-07-01 20:08:34 | INFO | ML | Dataset shape: 10 rows, 6 columns
2026-07-01 20:08:34 | INFO | ML | Check data quality........
2026-07-01 20:08:34 | INFO | ML | Missing values by column
2026-07-01 20:08:34 | DEBUG | ML | 
hours_studied       0
practice_quizzes    0
attendance_pct      0
sleep_hours         0
prior_score         0
score               0
dtype: int64
2026-07-01 20:08:34 | INFO | ML | Duplicate row count: 0
2026-07-01 20:08:34 | INFO | ML | Create clean view.........
2026-07-01 20:08:34 | INFO | ML | Creating clean modeling view
2026-07-01 20:08:34 | INFO | ML | Clean view: 10 rows, 6 columns
2026-07-01 20:08:34 | INFO | ML | Train supervised model....
2026-07-01 20:08:34 | INFO | ML | Training LinearRegression model
2026-07-01 20:08:34 | INFO | ML | Mean absolute error: 0.48
2026-07-01 20:08:34 | INFO | ML | R-squared: 1.00
2026-07-01 20:08:34 | INFO | ML | Predict one case..........
2026-07-01 20:08:34 | INFO | ML | Predicting one new case
2026-07-01 20:08:34 | INFO | ML | New case:
   hours_studied  practice_quizzes  attendance_pct  sleep_hours  prior_score
0            6.5                 4              92          7.0           72
2026-07-01 20:08:34 | INFO | ML | Predicted score: 83.4
2026-07-01 20:08:34 | INFO | ML | Create charts.............
2026-07-01 20:08:34 | INFO | ML | Creating chart: hours studied vs score
2026-07-01 20:08:36 | INFO | ML | Creating chart: model coefficients
2026-07-01 20:08:36 | INFO | ML | Got a figure Figure(900x500) and axes Axes(0.125,0.11;0.775x0.77) from plt.subplots().
2026-07-01 20:08:36 | INFO | ML | Summarize workflow........
2026-07-01 20:08:36 | INFO | ML | ========================
2026-07-01 20:08:36 | INFO | ML | SUMMARY
2026-07-01 20:08:36 | INFO | ML | ========================
2026-07-01 20:08:36 | INFO | ML | Dataset: hours_scores_case
2026-07-01 20:08:36 | INFO | ML | Original rows: 10
2026-07-01 20:08:36 | INFO | ML | Clean rows: 10
2026-07-01 20:08:36 | INFO | ML | Features: ['hours_studied', 'practice_quizzes', 'attendance_pct', 'sleep_hours', 'prior_score']
2026-07-01 20:08:36 | INFO | ML | Target: score
2026-07-01 20:08:36 | INFO | ML | ----- in a script, call plt.show() once at the end to display all charts -----
2026-07-01 20:08:36 | INFO | ML | ----- in a script, CLOSE the chart windows with the close button to CONTINUE -----
2026-07-01 20:09:16 | INFO | ML | Workflow complete
2026-07-01 20:09:16 | INFO | ML | IMPORTANT: This script creates chart windows.
2026-07-01 20:09:16 | INFO | ML | Close chart windows and terminate this process with CTRL+c as needed.
2026-07-01 20:09:16 | INFO | ML | ========================
2026-07-01 20:09:16 | INFO | ML | Executed successfully!
2026-07-01 20:09:16 | INFO | ML | ========================
2026-07-01 20:20:45 | INFO | ML | === RUN START ===
2026-07-01 20:20:45 | INFO | ML | project=ML
2026-07-01 20:20:45 | INFO | ML | repo_dir=ml-01-intro
2026-07-01 20:20:45 | INFO | ML | python=3.14.3
2026-07-01 20:20:45 | INFO | ML | os=Windows 11
2026-07-01 20:20:45 | INFO | ML | shell=powershell
2026-07-01 20:20:45 | INFO | ML | cwd=.
2026-07-01 20:20:45 | INFO | ML | github_actions=False
2026-07-05 16:25:51 | INFO | ML | === RUN START ===
2026-07-05 16:25:51 | INFO | ML | project=ML
2026-07-05 16:25:51 | INFO | ML | repo_dir=ml-01-intro
2026-07-05 16:25:51 | INFO | ML | python=3.14.3
2026-07-05 16:25:51 | INFO | ML | os=Windows 11
2026-07-05 16:25:51 | INFO | ML | shell=powershell
2026-07-05 16:25:51 | INFO | ML | cwd=.
2026-07-05 16:25:51 | INFO | ML | github_actions=False
2026-07-05 16:25:51 | INFO | ML | === RUN START ===
2026-07-05 16:25:51 | INFO | ML | project=ML
2026-07-05 16:25:51 | INFO | ML | repo_dir=ml-01-intro
2026-07-05 16:25:51 | INFO | ML | python=3.14.3
2026-07-05 16:25:51 | INFO | ML | os=Windows 11
2026-07-05 16:25:51 | INFO | ML | shell=powershell
2026-07-05 16:25:51 | INFO | ML | cwd=.
2026-07-05 16:25:51 | INFO | ML | github_actions=False
2026-07-05 16:25:51 | INFO | ML | ========================
2026-07-05 16:25:51 | INFO | ML | START main()
2026-07-05 16:25:51 | INFO | ML | ========================
2026-07-05 16:25:51 | INFO | ML | Load dataset..............
2026-07-05 16:25:51 | INFO | ML | Loading dataset: hours_scores_case
2026-07-05 16:25:51 | INFO | ML | Loaded: 10 rows, 6 columns
2026-07-05 16:25:51 | DEBUG | ML | 
   hours_studied  practice_quizzes  attendance_pct  sleep_hours  prior_score  score
0            2.0                 1              72          6.0           58     62
1            3.5                 2              80          6.5           61     68
2            4.0                 3              85          7.0           64     72
3            5.0                 3              88          7.5           66     76
4            6.0                 4              90          7.0           70     81
2026-07-05 16:25:51 | INFO | ML | Inspect dataset...........
2026-07-05 16:25:51 | INFO | ML | Column names
2026-07-05 16:25:51 | DEBUG | ML | ['hours_studied', 'practice_quizzes', 'attendance_pct', 'sleep_hours', 'prior_score', 'score']
2026-07-05 16:25:51 | INFO | ML | DataFrame info
2026-07-05 16:25:51 | INFO | ML | Dataset shape: 10 rows, 6 columns
2026-07-05 16:25:51 | INFO | ML | Check data quality........
2026-07-05 16:25:51 | INFO | ML | Missing values by column
2026-07-05 16:25:51 | DEBUG | ML | 
hours_studied       0
practice_quizzes    0
attendance_pct      0
sleep_hours         0
prior_score         0
score               0
dtype: int64
2026-07-05 16:25:51 | INFO | ML | Duplicate row count: 0
2026-07-05 16:25:51 | INFO | ML | Create clean view.........
2026-07-05 16:25:51 | INFO | ML | Creating clean modeling view
2026-07-05 16:25:51 | INFO | ML | Clean view: 10 rows, 6 columns
2026-07-05 16:25:51 | INFO | ML | Train supervised model....
2026-07-05 16:25:51 | INFO | ML | Training LinearRegression model
2026-07-05 16:25:51 | INFO | ML | Mean absolute error: 0.48
2026-07-05 16:25:51 | INFO | ML | R-squared: 1.00
2026-07-05 16:25:51 | INFO | ML | Predict one case..........
2026-07-05 16:25:51 | INFO | ML | Predicting one new case
2026-07-05 16:25:51 | INFO | ML | New case:
   hours_studied  practice_quizzes  attendance_pct  sleep_hours  prior_score
0            6.5                 4              92          7.0           72
2026-07-05 16:25:51 | INFO | ML | Predicted score: 83.4
2026-07-05 16:25:51 | INFO | ML | Create charts.............
2026-07-05 16:25:51 | INFO | ML | Creating chart: hours studied vs score
2026-07-05 16:25:53 | INFO | ML | Creating chart: model coefficients
2026-07-05 16:25:53 | INFO | ML | Got a figure Figure(900x500) and axes Axes(0.125,0.11;0.775x0.77) from plt.subplots().
2026-07-05 16:25:53 | INFO | ML | Summarize workflow........
2026-07-05 16:25:53 | INFO | ML | ========================
2026-07-05 16:25:53 | INFO | ML | SUMMARY
2026-07-05 16:25:53 | INFO | ML | ========================
2026-07-05 16:25:53 | INFO | ML | Dataset: hours_scores_case
2026-07-05 16:25:53 | INFO | ML | Original rows: 10
2026-07-05 16:25:53 | INFO | ML | Clean rows: 10
2026-07-05 16:25:53 | INFO | ML | Features: ['hours_studied', 'practice_quizzes', 'attendance_pct', 'sleep_hours', 'prior_score']
2026-07-05 16:25:53 | INFO | ML | Target: score
2026-07-05 16:25:53 | INFO | ML | ----- in a script, call plt.show() once at the end to display all charts -----
2026-07-05 16:25:53 | INFO | ML | ----- in a script, CLOSE the chart windows with the close button to CONTINUE -----
2026-07-05 16:25:58 | INFO | ML | Workflow complete
2026-07-05 16:25:58 | INFO | ML | IMPORTANT: This script creates chart windows.
2026-07-05 16:25:58 | INFO | ML | Close chart windows and terminate this process with CTRL+c as needed.
2026-07-05 16:25:58 | INFO | ML | ========================
2026-07-05 16:25:58 | INFO | ML | Executed successfully!
2026-07-05 16:25:58 | INFO | ML | ========================
2026-07-05 16:28:30 | INFO | ML | === RUN START ===
2026-07-05 16:28:30 | INFO | ML | project=ML
2026-07-05 16:28:30 | INFO | ML | repo_dir=ml-01-intro
2026-07-05 16:28:30 | INFO | ML | python=3.14.3
2026-07-05 16:28:30 | INFO | ML | os=Windows 11
2026-07-05 16:28:30 | INFO | ML | shell=powershell
2026-07-05 16:28:30 | INFO | ML | cwd=.
2026-07-05 16:28:30 | INFO | ML | github_actions=False
